pygame 2.5.2 (SDL 2.28.2, Python 3.11.5)
Hello from the pygame community. https://www.pygame.org/contribute.html
---------------QUEUE-ITEMS------------------
TetType.J, TetType.Z, TetType.T, TetType.L, TetType.L, TetType.S, TetType.T, TetType.T, TetType.L, TetType.O, 
Placing tetronimo onto grid
placed piece: TetType.J = 2
----------------GRID-STATE------------------
 1: 0000000000
 2: 0000000000
 3: 0000000000
 4: 0000000000
 5: 0000000000
 6: 0000000000
 7: 0000000000
 8: 0000000000
 9: 0000000000
10: 0000000000
11: 0000000000
12: 0000000000
13: 0000000000
14: 0000000000
15: 0000000000
16: 0000000000
17: 0000000000
18: 0000000000
19: 0000000000
20: 0000000000
21: 0000000000
22: 0000000000
23: 0000000000
24: 2000000000
25: 2220000000
next piece: TetType.Z = 7
Placing tetronimo onto grid
placed piece: TetType.Z = 7
----------------GRID-STATE------------------
 1: 0000000000
 2: 0000000000
 3: 0000000000
 4: 0000000000
 5: 0000000000
 6: 0000000000
 7: 0000000000
 8: 0000000000
 9: 0000000000
10: 0000000000
11: 0000000000
12: 0000000000
13: 0000000000
14: 0000000000
15: 0000000000
16: 0000000000
17: 0000000000
18: 0000000000
19: 0000000000
20: 0000000000
21: 0000000000
22: 0000000000
23: 0000000000
24: 2077000000
25: 2227700000
next piece: TetType.T = 5
Placing tetronimo onto grid
placed piece: TetType.T = 5
----------------GRID-STATE------------------
 1: 0000000000
 2: 0000000000
 3: 0000000000
 4: 0000000000
 5: 0000000000
 6: 0000000000
 7: 0000000000
 8: 0000000000
 9: 0000000000
10: 0000000000
11: 0000000000
12: 0000000000
13: 0000000000
14: 0000000000
15: 0000000000
16: 0000000000
17: 0000000000
18: 0000000000
19: 0000000000
20: 0000000000
21: 0000000000
22: 0000000000
23: 0000000000
24: 2077005000
25: 2227755500
next piece: TetType.L = 3
Placing tetronimo onto grid
placed piece: TetType.L = 3
----------------GRID-STATE------------------
 1: 0000000000
 2: 0000000000
 3: 0000000000
 4: 0000000000
 5: 0000000000
 6: 0000000000
 7: 0000000000
 8: 0000000000
 9: 0000000000
10: 0000000000
11: 0000000000
12: 0000000000
13: 0000000000
14: 0000000000
15: 0000000000
16: 0000000000
17: 0000000000
18: 0000000000
19: 0000000000
20: 0000000000
21: 0000000000
22: 0000000000
23: 0000000030
24: 2077005030
25: 2227755533
Cleared 1 lines
next piece: TetType.L = 3
Placing tetronimo onto grid
placed piece: TetType.L = 3
----------------GRID-STATE------------------
 1: 0000000000
 2: 0000000000
 3: 0000000000
 4: 0000000000
 5: 0000000000
 6: 0000000000
 7: 0000000000
 8: 0000000000
 9: 0000000000
10: 0000000000
11: 0000000000
12: 0000000000
13: 0000000000
14: 0000000000
15: 0000000000
16: 0000000000
17: 0000000000
18: 0000000000
19: 0000000000
20: 0000000000
21: 0000000000
22: 0000000000
23: 0000000033
24: 0000000033
25: 2077005033
next piece: TetType.S = 6
Placing tetronimo onto grid
placed piece: TetType.S = 6
----------------GRID-STATE------------------
 1: 0000000000
 2: 0000000000
 3: 0000000000
 4: 0000000000
 5: 0000000000
 6: 0000000000
 7: 0000000000
 8: 0000000000
 9: 0000000000
10: 0000000000
11: 0000000000
12: 0000000000
13: 0000000000
14: 0000000000
15: 0000000000
16: 0000000000
17: 0000000000
18: 0000000000
19: 0000000000
20: 0000000000
21: 0000000000
22: 0000000000
23: 0000006033
24: 0000006633
25: 2077005633
next piece: TetType.T = 5
Placing tetronimo onto grid
placed piece: TetType.T = 5
----------------GRID-STATE------------------
 1: 0000000000
 2: 0000000000
 3: 0000000000
 4: 0000000000
 5: 0000000000
 6: 0000000000
 7: 0000000000
 8: 0000000000
 9: 0000000000
10: 0000000000
11: 0000000000
12: 0000000000
13: 0000000000
14: 0000000000
15: 0000000000
16: 0000000000
17: 0000000000
18: 0000000000
19: 0000000000
20: 0000000000
21: 0000000000
22: 0000000000
23: 0000006033
24: 5550006633
25: 2577005633
next piece: TetType.T = 5
Placing tetronimo onto grid
placed piece: TetType.T = 5
----------------GRID-STATE------------------
 1: 0000000000
 2: 0000000000
 3: 0000000000
 4: 0000000000
 5: 0000000000
 6: 0000000000
 7: 0000000000
 8: 0000000000
 9: 0000000000
10: 0000000000
11: 0000000000
12: 0000000000
13: 0000000000
14: 0000000000
15: 0000000000
16: 0000000000
17: 0000000000
18: 0000000000
19: 0000000000
20: 0000000000
21: 0000000000
22: 0000005550
23: 0000006533
24: 5550006633
25: 2577005633
next piece: TetType.L = 3
Placing tetronimo onto grid
placed piece: TetType.L = 3
----------------GRID-STATE------------------
 1: 0000000000
 2: 0000000000
 3: 0000000000
 4: 0000000000
 5: 0000000000
 6: 0000000000
 7: 0000000000
 8: 0000000000
 9: 0000000000
10: 0000000000
11: 0000000000
12: 0000000000
13: 0000000000
14: 0000000000
15: 0000000000
16: 0000000000
17: 0000000000
18: 0000000000
19: 0000000000
20: 0000000000
21: 0000000000
22: 0000005550
23: 0000306533
24: 5550306633
25: 2577335633
Cleared 1 lines
next piece: TetType.O = 4
Placing tetronimo onto grid
placed piece: TetType.O = 4
----------------GRID-STATE------------------
 1: 0000000000
 2: 0000000000
 3: 0000000000
 4: 0000000000
 5: 0000000000
 6: 0000000000
 7: 0000000000
 8: 0000000000
 9: 0000000000
10: 0000000000
11: 0000000000
12: 0000000000
13: 0000000000
14: 0000000000
15: 0000000000
16: 0000000000
17: 0000000000
18: 0000000000
19: 0000000000
20: 0000000000
21: 0000000000
22: 0000000000
23: 4400005550
24: 4400306533
25: 5550306633
next piece: TetType.S = 6
Placing tetronimo onto grid
placed piece: TetType.S = 6
----------------GRID-STATE------------------
 1: 0000000000
 2: 0000000000
 3: 0000000000
 4: 0000000000
 5: 0000000000
 6: 0000000000
 7: 0000000000
 8: 0000000000
 9: 0000000000
10: 0000000000
11: 0000000000
12: 0000000000
13: 0000000000
14: 0000000000
15: 0000000000
16: 0000000000
17: 0000000000
18: 0000000000
19: 0000000000
20: 0000000000
21: 0000000060
22: 0000000066
23: 4400005556
24: 4400306533
25: 5550306633
next piece: TetType.T = 5
Placing tetronimo onto grid
placed piece: TetType.T = 5
----------------GRID-STATE------------------
 1: 0000000000
 2: 0000000000
 3: 0000000000
 4: 0000000000
 5: 0000000000
 6: 0000000000
 7: 0000000000
 8: 0000000000
 9: 0000000000
10: 0000000000
11: 0000000000
12: 0000000000
13: 0000000000
14: 0000000000
15: 0000000000
16: 0000000000
17: 0000000000
18: 0000000000
19: 0000000000
20: 0000000000
21: 0000000060
22: 0000000066
23: 4405005556
24: 4455306533
25: 5555306633
next piece: TetType.T = 5
Placing tetronimo onto grid
placed piece: TetType.T = 5
----------------GRID-STATE------------------
 1: 0000000000
 2: 0000000000
 3: 0000000000
 4: 0000000000
 5: 0000000000
 6: 0000000000
 7: 0000000000
 8: 0000000000
 9: 0000000000
10: 0000000000
11: 0000000000
12: 0000000000
13: 0000000000
14: 0000000000
15: 0000000000
16: 0000000000
17: 0000000000
18: 0000000000
19: 0000000000
20: 0000000000
21: 0000000060
22: 0555000066
23: 4455005556
24: 4455306533
25: 5555306633
next piece: TetType.Z = 7
Placing tetronimo onto grid
placed piece: TetType.Z = 7
----------------GRID-STATE------------------
 1: 0000000000
 2: 0000000000
 3: 0000000000
 4: 0000000000
 5: 0000000000
 6: 0000000000
 7: 0000000000
 8: 0000000000
 9: 0000000000
10: 0000000000
11: 0000000000
12: 0000000000
13: 0000000000
14: 0000000000
15: 0000000000
16: 0000000000
17: 0000000000
18: 0000000000
19: 0000000000
20: 0700000000
21: 7700000060
22: 7555000066
23: 4455005556
24: 4455306533
25: 5555306633
next piece: TetType.T = 5
Placing tetronimo onto grid
placed piece: TetType.T = 5
----------------GRID-STATE------------------
 1: 0000000000
 2: 0000000000
 3: 0000000000
 4: 0000000000
 5: 0000000000
 6: 0000000000
 7: 0000000000
 8: 0000000000
 9: 0000000000
10: 0000000000
11: 0000000000
12: 0000000000
13: 0000000000
14: 0000000000
15: 0000000000
16: 0000000000
17: 0000000000
18: 0000000000
19: 0000000005
20: 0700000055
21: 7700000065
22: 7555000066
23: 4455005556
24: 4455306533
25: 5555306633
next piece: TetType.L = 3
Placing tetronimo onto grid
placed piece: TetType.L = 3
----------------GRID-STATE------------------
 1: 0000000000
 2: 0000000000
 3: 0000000000
 4: 0000000000
 5: 0000000000
 6: 0000000000
 7: 0000000000
 8: 0000000000
 9: 0000000000
10: 0000000000
11: 0000000000
12: 0000000000
13: 0000000000
14: 0000000000
15: 0000000000
16: 0000000000
17: 0000000000
18: 0000000000
19: 0000000005
20: 0700000055
21: 7700000065
22: 7555000066
23: 4455335556
24: 4455336533
25: 5555336633
Cleared 3 lines
next piece: TetType.L = 3
Placing tetronimo onto grid
placed piece: TetType.L = 3
----------------GRID-STATE------------------
 1: 0000000000
 2: 0000000000
 3: 0000000000
 4: 0000000000
 5: 0000000000
 6: 0000000000
 7: 0000000000
 8: 0000000000
 9: 0000000000
10: 0000000000
11: 0000000000
12: 0000000000
13: 0000000000
14: 0000000000
15: 0000000000
16: 0000000000
17: 0000000000
18: 0000000000
19: 0000000000
20: 0000000000
21: 0000000000
22: 0000000005
23: 0700000055
24: 7700003065
25: 7555333066
next piece: TetType.T = 5
Placing tetronimo onto grid
placed piece: TetType.T = 5
----------------GRID-STATE------------------
 1: 0000000000
 2: 0000000000
 3: 0000000000
 4: 0000000000
 5: 0000000000
 6: 0000000000
 7: 0000000000
 8: 0000000000
 9: 0000000000
10: 0000000000
11: 0000000000
12: 0000000000
13: 0000000000
14: 0000000000
15: 0000000000
16: 0000000000
17: 0000000000
18: 0000000000
19: 0000000000
20: 0000000000
21: 0000000000
22: 0000000005
23: 0700500055
24: 7705553065
25: 7555333066
next piece: TetType.O = 4
Placing tetronimo onto grid
placed piece: TetType.O = 4
----------------GRID-STATE------------------
 1: 0000000000
 2: 0000000000
 3: 0000000000
 4: 0000000000
 5: 0000000000
 6: 0000000000
 7: 0000000000
 8: 0000000000
 9: 0000000000
10: 0000000000
11: 0000000000
12: 0000000000
13: 0000000000
14: 0000000000
15: 0000000000
16: 0000000000
17: 0000000000
18: 0000000000
19: 0000000000
20: 0000000000
21: 0000000000
22: 0000044005
23: 0700544055
24: 7705553065
25: 7555333066
next piece: TetType.T = 5
Placing tetronimo onto grid
placed piece: TetType.T = 5
----------------GRID-STATE------------------
 1: 0000000000
 2: 0000000000
 3: 0000000000
 4: 0000000000
 5: 0000000000
 6: 0000000000
 7: 0000000000
 8: 0000000000
 9: 0000000000
10: 0000000000
11: 0000000000
12: 0000000000
13: 0000000000
14: 0000000000
15: 0000000000
16: 0000000000
17: 0000000000
18: 0000000000
19: 0000000000
20: 0000000000
21: 0000000000
22: 0050044005
23: 0755544055
24: 7755553065
25: 7555333066
next piece: TetType.O = 4
Placing tetronimo onto grid
placed piece: TetType.O = 4
----------------GRID-STATE------------------
 1: 0000000000
 2: 0000000000
 3: 0000000000
 4: 0000000000
 5: 0000000000
 6: 0000000000
 7: 0000000000
 8: 0000000000
 9: 0000000000
10: 0000000000
11: 0000000000
12: 0000000000
13: 0000000000
14: 0000000000
15: 0000000000
16: 0000000000
17: 0000000000
18: 0000000000
19: 0000000000
20: 0000000000
21: 0004400000
22: 0054444005
23: 0755544055
24: 7755553065
25: 7555333066
next piece: TetType.J = 2
Placing tetronimo onto grid
placed piece: TetType.J = 2
----------------GRID-STATE------------------
 1: 0000000000
 2: 0000000000
 3: 0000000000
 4: 0000000000
 5: 0000000000
 6: 0000000000
 7: 0000000000
 8: 0000000000
 9: 0000000000
10: 0000000000
11: 0000000000
12: 0000000000
13: 0000000000
14: 0000000000
15: 0000000000
16: 0000000000
17: 0000000000
18: 0000000000
19: 0000000000
20: 0000000000
21: 0004400000
22: 0054444225
23: 0755544255
24: 7755553265
25: 7555333066
Cleared 1 lines
next piece: TetType.S = 6
Placing tetronimo onto grid
placed piece: TetType.S = 6
----------------GRID-STATE------------------
 1: 0000000000
 2: 0000000000
 3: 0000000000
 4: 0000000000
 5: 0000000000
 6: 0000000000
 7: 0000000000
 8: 0000000000
 9: 0000000000
10: 0000000000
11: 0000000000
12: 0000000000
13: 0000000000
14: 0000000000
15: 0000000000
16: 0000000000
17: 0000000000
18: 0000000000
19: 0000000000
20: 0000000000
21: 0000000000
22: 0664400000
23: 6654444225
24: 0755544255
25: 7555333066
Cleared 1 lines
next piece: TetType.T = 5
Placing tetronimo onto grid
placed piece: TetType.T = 5
----------------GRID-STATE------------------
 1: 0000000000
 2: 0000000000
 3: 0000000000
 4: 0000000000
 5: 0000000000
 6: 0000000000
 7: 0000000000
 8: 0000000000
 9: 0000000000
10: 0000000000
11: 0000000000
12: 0000000000
13: 0000000000
14: 0000000000
15: 0000000000
16: 0000000000
17: 0000000000
18: 0000000000
19: 0000000000
20: 0000000000
21: 0000000000
22: 0000005000
23: 0664455500
24: 0755544255
25: 7555333066
next piece: TetType.O = 4
Placing tetronimo onto grid
placed piece: TetType.O = 4
----------------GRID-STATE------------------
 1: 0000000000
 2: 0000000000
 3: 0000000000
 4: 0000000000
 5: 0000000000
 6: 0000000000
 7: 0000000000
 8: 0000000000
 9: 0000000000
10: 0000000000
11: 0000000000
12: 0000000000
13: 0000000000
14: 0000000000
15: 0000000000
16: 0000000000
17: 0000000000
18: 0000000000
19: 0000000000
20: 0000000000
21: 0000000000
22: 0000005044
23: 0664455544
24: 0755544255
25: 7555333066
next piece: TetType.S = 6
Placing tetronimo onto grid
placed piece: TetType.S = 6
----------------GRID-STATE------------------
 1: 0000000000
 2: 0000000000
 3: 0000000000
 4: 0000000000
 5: 0000000000
 6: 0000000000
 7: 0000000000
 8: 0000000000
 9: 0000000000
10: 0000000000
11: 0000000000
12: 0000000000
13: 0000000000
14: 0000000000
15: 0000000000
16: 0000000000
17: 0000000000
18: 0000000000
19: 0000000000
20: 0000000000
21: 0000066000
22: 0000665044
23: 0664455544
24: 0755544255
25: 7555333066
next piece: TetType.J = 2
Placing tetronimo onto grid
placed piece: TetType.J = 2
----------------GRID-STATE------------------
 1: 0000000000
 2: 0000000000
 3: 0000000000
 4: 0000000000
 5: 0000000000
 6: 0000000000
 7: 0000000000
 8: 0000000000
 9: 0000000000
10: 0000000000
11: 0000000000
12: 0000000000
13: 0000000000
14: 0000000000
15: 0000000000
16: 0000000000
17: 0000000000
18: 0000000000
19: 0000000000
20: 0000000000
21: 0000066000
22: 2200665044
23: 2664455544
24: 2755544255
25: 7555333066
Cleared 2 lines
next piece: TetType.I = 1
Placing tetronimo onto grid
placed piece: TetType.I = 1
----------------GRID-STATE------------------
 1: 0000000000
 2: 0000000000
 3: 0000000000
 4: 0000000000
 5: 0000000000
 6: 0000000000
 7: 0000000000
 8: 0000000000
 9: 0000000000
10: 0000000000
11: 0000000000
12: 0000000000
13: 0000000000
14: 0000000000
15: 0000000000
16: 0000000000
17: 0000000000
18: 0000000000
19: 0000000000
20: 0000000000
21: 0000000000
22: 0000000100
23: 0000066100
24: 2200665144
25: 7555333166
Cleared 1 lines
next piece: TetType.Z = 7
Placing tetronimo onto grid
placed piece: TetType.Z = 7
----------------GRID-STATE------------------
 1: 0000000000
 2: 0000000000
 3: 0000000000
 4: 0000000000
 5: 0000000000
 6: 0000000000
 7: 0000000000
 8: 0000000000
 9: 0000000000
10: 0000000000
11: 0000000000
12: 0000000000
13: 0000000000
14: 0000000000
15: 0000000000
16: 0000000000
17: 0000000000
18: 0000000000
19: 0000000000
20: 0000000000
21: 0000000000
22: 0000000000
23: 0000000100
24: 0770066100
25: 2277665144
Cleared 1 lines
next piece: TetType.Z = 7
Placing tetronimo onto grid
placed piece: TetType.Z = 7
----------------GRID-STATE------------------
 1: 0000000000
 2: 0000000000
 3: 0000000000
 4: 0000000000
 5: 0000000000
 6: 0000000000
 7: 0000000000
 8: 0000000000
 9: 0000000000
10: 0000000000
11: 0000000000
12: 0000000000
13: 0000000000
14: 0000000000
15: 0000000000
16: 0000000000
17: 0000000000
18: 0000000000
19: 0000000000
20: 0000000000
21: 0000000000
22: 0000000000
23: 0000000000
24: 0077000100
25: 0777766100
next piece: TetType.I = 1
Placing tetronimo onto grid
placed piece: TetType.I = 1
----------------GRID-STATE------------------
 1: 0000000000
 2: 0000000000
 3: 0000000000
 4: 0000000000
 5: 0000000000
 6: 0000000000
 7: 0000000000
 8: 0000000000
 9: 0000000000
10: 0000000000
11: 0000000000
12: 0000000000
13: 0000000000
14: 0000000000
15: 0000000000
16: 0000000000
17: 0000000000
18: 0000000000
19: 0000000000
20: 0000000000
21: 0000000000
22: 0000000010
23: 0000000010
24: 0077000110
25: 0777766110
next piece: TetType.T = 5
Placing tetronimo onto grid
placed piece: TetType.T = 5
----------------GRID-STATE------------------
 1: 0000000000
 2: 0000000000
 3: 0000000000
 4: 0000000000
 5: 0000000000
 6: 0000000000
 7: 0000000000
 8: 0000000000
 9: 0000000000
10: 0000000000
11: 0000000000
12: 0000000000
13: 0000000000
14: 0000000000
15: 0000000000
16: 0000000000
17: 0000000000
18: 0000000000
19: 0000000000
20: 0000000000
21: 0000000000
22: 0000000010
23: 0000050010
24: 0077555110
25: 0777766110
next piece: TetType.S = 6
Placing tetronimo onto grid
placed piece: TetType.S = 6
----------------GRID-STATE------------------
 1: 0000000000
 2: 0000000000
 3: 0000000000
 4: 0000000000
 5: 0000000000
 6: 0000000000
 7: 0000000000
 8: 0000000000
 9: 0000000000
10: 0000000000
11: 0000000000
12: 0000000000
13: 0000000000
14: 0000000000
15: 0000000000
16: 0000000000
17: 0000000000
18: 0000000000
19: 0000000000
20: 0000000000
21: 0000000000
22: 0000660010
23: 0006650010
24: 0077555110
25: 0777766110
next piece: TetType.S = 6
Placing tetronimo onto grid
placed piece: TetType.S = 6
----------------GRID-STATE------------------
 1: 0000000000
 2: 0000000000
 3: 0000000000
 4: 0000000000
 5: 0000000000
 6: 0000000000
 7: 0000000000
 8: 0000000000
 9: 0000000000
10: 0000000000
11: 0000000000
12: 0000000000
13: 0000000000
14: 0000000000
15: 0000000000
16: 0000000000
17: 0000000000
18: 0000000000
19: 0000000000
20: 0000000000
21: 0000000000
22: 0000660010
23: 0666650010
24: 6677555110
25: 0777766110
next piece: TetType.O = 4
Placing tetronimo onto grid
placed piece: TetType.O = 4
----------------GRID-STATE------------------
 1: 0000000000
 2: 0000000000
 3: 0000000000
 4: 0000000000
 5: 0000000000
 6: 0000000000
 7: 0000000000
 8: 0000000000
 9: 0000000000
10: 0000000000
11: 0000000000
12: 0000000000
13: 0000000000
14: 0000000000
15: 0000000000
16: 0000000000
17: 0000000000
18: 0000000000
19: 0000000000
20: 0000000000
21: 0000000000
22: 0000664410
23: 0666654410
24: 6677555110
25: 0777766110
next piece: TetType.O = 4
Placing tetronimo onto grid
placed piece: TetType.O = 4
----------------GRID-STATE------------------
 1: 0000000000
 2: 0000000000
 3: 0000000000
 4: 0000000000
 5: 0000000000
 6: 0000000000
 7: 0000000000
 8: 0000000000
 9: 0000000000
10: 0000000000
11: 0000000000
12: 0000000000
13: 0000000000
14: 0000000000
15: 0000000000
16: 0000000000
17: 0000000000
18: 0000000000
19: 0000000000
20: 0000000440
21: 0000000440
22: 0000664410
23: 0666654410
24: 6677555110
25: 0777766110
next piece: TetType.S = 6
Placing tetronimo onto grid
placed piece: TetType.S = 6
----------------GRID-STATE------------------
 1: 0000000000
 2: 0000000000
 3: 0000000000
 4: 0000000000
 5: 0000000000
 6: 0000000000
 7: 0000000000
 8: 0000000000
 9: 0000000000
10: 0000000000
11: 0000000000
12: 0000000000
13: 0000000000
14: 0000000000
15: 0000000000
16: 0000000000
17: 0000000000
18: 0000000000
19: 0000000000
20: 0000000440
21: 0006600440
22: 0066664410
23: 0666654410
24: 6677555110
25: 0777766110
next piece: TetType.Z = 7
Placing tetronimo onto grid
placed piece: TetType.Z = 7
----------------GRID-STATE------------------
 1: 0000000000
 2: 0000000000
 3: 0000000000
 4: 0000000000
 5: 0000000000
 6: 0000000000
 7: 0000000000
 8: 0000000000
 9: 0000000000
10: 0000000000
11: 0000000000
12: 0000000000
13: 0000000000
14: 0000000000
15: 0000000000
16: 0000000000
17: 0000000000
18: 0000000000
19: 0000000000
20: 0000000440
21: 0706600440
22: 7766664410
23: 7666654410
24: 6677555110
25: 0777766110
next piece: TetType.I = 1
Placing tetronimo onto grid
placed piece: TetType.I = 1
----------------GRID-STATE------------------
 1: 0000000000
 2: 0000000000
 3: 0000000000
 4: 0000000000
 5: 0000000000
 6: 0000000000
 7: 0000000000
 8: 0000000000
 9: 0000000000
10: 0000000000
11: 0000000000
12: 0000000000
13: 0000000000
14: 0000000000
15: 0000000000
16: 0000000000
17: 0000000000
18: 0000000000
19: 0000000000
20: 0000000440
21: 0706600440
22: 7766664411
23: 7666654411
24: 6677555111
25: 0777766111
Cleared 3 lines
next piece: TetType.Z = 7
Placing tetronimo onto grid
placed piece: TetType.Z = 7
----------------GRID-STATE------------------
 1: 0000000000
 2: 0000000000
 3: 0000000000
 4: 0000000000
 5: 0000000000
 6: 0000000000
 7: 0000000000
 8: 0000000000
 9: 0000000000
10: 0000000000
11: 0000000000
12: 0000000000
13: 0000000000
14: 0000000000
15: 0000000000
16: 0000000000
17: 0000000000
18: 0000000000
19: 0000000000
20: 0000000000
21: 0000000000
22: 0000000000
23: 0000770440
24: 0706677440
25: 0777766111
next piece: TetType.L = 3
Placing tetronimo onto grid
placed piece: TetType.L = 3
----------------GRID-STATE------------------
 1: 0000000000
 2: 0000000000
 3: 0000000000
 4: 0000000000
 5: 0000000000
 6: 0000000000
 7: 0000000000
 8: 0000000000
 9: 0000000000
10: 0000000000
11: 0000000000
12: 0000000000
13: 0000000000
14: 0000000000
15: 0000000000
16: 0000000000
17: 0000000000
18: 0000000000
19: 0000000000
20: 0000000000
21: 0000000000
22: 0000000033
23: 0000770443
24: 0706677443
25: 0777766111
next piece: TetType.T = 5
Placing tetronimo onto grid
placed piece: TetType.T = 5
----------------GRID-STATE------------------
 1: 0000000000
 2: 0000000000
 3: 0000000000
 4: 0000000000
 5: 0000000000
 6: 0000000000
 7: 0000000000
 8: 0000000000
 9: 0000000000
10: 0000000000
11: 0000000000
12: 0000000000
13: 0000000000
14: 0000000000
15: 0000000000
16: 0000000000
17: 0000000000
18: 0000000000
19: 0000000000
20: 0000000000
21: 0000000000
22: 0000000033
23: 0555770443
24: 0756677443
25: 0777766111
next piece: TetType.O = 4
Placing tetronimo onto grid
placed piece: TetType.O = 4
----------------GRID-STATE------------------
 1: 0000000000
 2: 0000000000
 3: 0000000000
 4: 0000000000
 5: 0000000000
 6: 0000000000
 7: 0000000044
 8: 0000000044
 9: 0000000044
10: 0000000044
11: 0000000044
12: 0000000044
13: 0000000044
14: 0000000044
15: 0000000044
16: 0000000044
17: 0000000044
18: 0000000044
19: 0000000044
20: 0000000044
21: 0000000044
22: 0000000033
23: 0555770443
24: 0756677443
25: 0777766111
next piece: TetType.T = 5
Placing tetronimo onto grid
placed piece: TetType.T = 5
----------------GRID-STATE------------------
 1: 0000000000
 2: 0000000000
 3: 0000000000
 4: 0000000000
 5: 0000000000
 6: 0000000000
 7: 0000005044
 8: 0000005044
 9: 0000005044
10: 0000005044
11: 0000005044
12: 0000005044
13: 0000005044
14: 0000005044
15: 0000005044
16: 0000005044
17: 0000005044
18: 0000005044
19: 0000005044
20: 0000005044
21: 0000005044
22: 0000055533
23: 0555770443
24: 0756677443
25: 0777766111
next piece: TetType.I = 1
Placing tetronimo onto grid
placed piece: TetType.I = 1
----------------GRID-STATE------------------
 1: 0000000000
 2: 0000000000
 3: 0000000000
 4: 0000000000
 5: 0000000000
 6: 0000000000
 7: 0001005044
 8: 0001005044
 9: 0001005044
10: 0001005044
11: 0001005044
12: 0001005044
13: 0001005044
14: 0001005044
15: 0001005044
16: 0001005044
17: 0001005044
18: 0001005044
19: 0001005044
20: 0001005044
21: 0001005044
22: 0001055533
23: 0555770443
24: 0756677443
25: 0777766111
next piece: TetType.Z = 7
Placing tetronimo onto grid
placed piece: TetType.Z = 7
----------------GRID-STATE------------------
 1: 0000000000
 2: 0000000000
 3: 0000000000
 4: 0000000000
 5: 0000000000
 6: 0000000000
 7: 0701005044
 8: 0701005044
 9: 0701005044
10: 0701005044
11: 0701005044
12: 0701005044
13: 0701005044
14: 0701005044
15: 0701005044
16: 0701005044
17: 0701005044
18: 0701005044
19: 0701005044
20: 0701005044
21: 0701005044
22: 7701055533
23: 7555770443
24: 0756677443
25: 0777766111
next piece: TetType.J = 2
Placing tetronimo onto grid
placed piece: TetType.J = 2
----------------GRID-STATE------------------
 1: 0000000000
 2: 0000000000
 3: 0000000000
 4: 0000000000
 5: 0000000000
 6: 0000000000
 7: 0701225044
 8: 0701225044
 9: 0701225044
10: 0701225044
11: 0701225044
12: 0701225044
13: 0701225044
14: 0701225044
15: 0701225044
16: 0701225044
17: 0701225044
18: 0701225044
19: 0701225044
20: 0701225044
21: 0701225044
22: 7701055533
23: 7555770443
24: 0756677443
25: 0777766111
next piece: TetType.L = 3
