pygame 2.5.2 (SDL 2.28.2, Python 3.11.5)
Hello from the pygame community. https://www.pygame.org/contribute.html
---------------QUEUE-ITEMS------------------
TetType.T, TetType.I, TetType.Z, TetType.O, TetType.S, TetType.Z, TetType.I, TetType.L, TetType.O, TetType.I, 
Placing tetronimo onto grid
----------------GRID-STATE------------------
 1: 0000000000
 2: 0000000000
 3: 0000000000
 4: 0000000000
 5: 0000000000
 6: 0000000000
 7: 0000000000
 8: 0000000000
 9: 0000000000
10: 0000000000
11: 0000000000
12: 0000000000
13: 0000000000
14: 0000000000
15: 0000000000
16: 0000000000
17: 0000000000
18: 0000000000
19: 0000000000
20: 0000000000
21: 0000000000
22: 0000000000
23: 0000000000
24: 0500000000
25: 5550000000
placed piece: TetType.T = 5
next piece: TetType.I = 1
Placing tetronimo onto grid
----------------GRID-STATE------------------
 1: 0000000000
 2: 0000000000
 3: 0000000000
 4: 0000000000
 5: 0000000000
 6: 0000000000
 7: 0000000000
 8: 0000000000
 9: 0000000000
10: 0000000000
11: 0000000000
12: 0000000000
13: 0000000000
14: 0000000000
15: 0000000000
16: 0000000000
17: 0000000000
18: 0000000000
19: 0000000000
20: 0000000000
21: 0000000000
22: 0000000000
23: 0000000000
24: 0500000000
25: 5551111000
placed piece: TetType.I = 1
next piece: TetType.Z = 7
Placing tetronimo onto grid
----------------GRID-STATE------------------
 1: 0000000000
 2: 0000000000
 3: 0000000000
 4: 0000000000
 5: 0000000000
 6: 0000000000
 7: 0000000000
 8: 0000000000
 9: 0000000000
10: 0000000000
11: 0000000000
12: 0000000000
13: 0000000000
14: 0000000000
15: 0000000000
16: 0000000000
17: 0000000000
18: 0000000000
19: 0000000000
20: 0000000000
21: 0000000000
22: 0000000000
23: 0000000000
24: 0500007700
25: 5551111770
placed piece: TetType.Z = 7
next piece: TetType.O = 4
Placing tetronimo onto grid
----------------GRID-STATE------------------
 1: 0000000000
 2: 0000000000
 3: 0000000000
 4: 0000000000
 5: 0000000000
 6: 0000000000
 7: 0000000000
 8: 0000000000
 9: 0000000000
10: 0000000000
11: 0000000000
12: 0000000000
13: 0000000000
14: 0000000000
15: 0000000000
16: 0000000000
17: 0000000000
18: 0000000000
19: 0000000000
20: 0000000000
21: 0000000000
22: 0000000000
23: 0000440000
24: 0500447700
25: 5551111770
placed piece: TetType.O = 4
next piece: TetType.S = 6
Placing tetronimo onto grid
----------------GRID-STATE------------------
 1: 0000000000
 2: 0000000000
 3: 0000000000
 4: 0000000000
 5: 0000000000
 6: 0000000000
 7: 0000000000
 8: 0000000000
 9: 0000000000
10: 0000000000
11: 0000000000
12: 0000000000
13: 0000000000
14: 0000000000
15: 0000000000
16: 0000000000
17: 0000000000
18: 0000000000
19: 0000000000
20: 0000000000
21: 0000000000
22: 0000000600
23: 0000440660
24: 0500447760
25: 5551111770
placed piece: TetType.S = 6
next piece: TetType.Z = 7
Placing tetronimo onto grid
----------------GRID-STATE------------------
 1: 0000000000
 2: 0000000000
 3: 0000000000
 4: 0000000000
 5: 0000000000
 6: 0000000000
 7: 0000000000
 8: 0000000000
 9: 0000000000
10: 0000000000
11: 0000000000
12: 0000000000
13: 0000000000
14: 0000000000
15: 0000000000
16: 0000000000
17: 0000000000
18: 0000000000
19: 0000000000
20: 0000000000
21: 0000000000
22: 0700000600
23: 7700440660
24: 7500447760
25: 5551111770
placed piece: TetType.Z = 7
next piece: TetType.I = 1
Placing tetronimo onto grid
----------------GRID-STATE------------------
 1: 0000000000
 2: 0000000000
 3: 0000000000
 4: 0000000000
 5: 0000000000
 6: 0000000000
 7: 0000000000
 8: 0000000000
 9: 0000000000
10: 0000000000
11: 0000000000
12: 0000000000
13: 0000000000
14: 0000000000
15: 0000000000
16: 0000000000
17: 0000000000
18: 0000000000
19: 0000000000
20: 0000000000
21: 0000000000
22: 0700000601
23: 7700440661
24: 7500447761
25: 5551111771
Cleared 1 lines
placed piece: TetType.I = 1
next piece: TetType.L = 3
Placing tetronimo onto grid
----------------GRID-STATE------------------
 1: 0000000000
 2: 0000000000
 3: 0000000000
 4: 0000000000
 5: 0000000000
 6: 0000000000
 7: 0000000000
 8: 0000000000
 9: 0000000000
10: 0000000000
11: 0000000000
12: 0000000000
13: 0000000000
14: 0000000000
15: 0000000000
16: 0000000000
17: 0000000000
18: 0000000000
19: 0000000000
20: 0000000000
21: 0000000000
22: 0000000000
23: 0730000601
24: 7730440661
25: 7533447761
Cleared 1 lines
placed piece: TetType.L = 3
next piece: TetType.O = 4
Placing tetronimo onto grid
----------------GRID-STATE------------------
 1: 0000000000
 2: 0000000000
 3: 0000000000
 4: 0000000000
 5: 0000000000
 6: 0000000000
 7: 0000000000
 8: 0000000000
 9: 0000000000
10: 0000000000
11: 0000000000
12: 0000000000
13: 0000000000
14: 0000000000
15: 0000000000
16: 0000000000
17: 0000000000
18: 0000000000
19: 0000000000
20: 0000000000
21: 0000000000
22: 0440000000
23: 0440000000
24: 0730000601
25: 7730440661
placed piece: TetType.O = 4
next piece: TetType.I = 1
Placing tetronimo onto grid
----------------GRID-STATE------------------
 1: 0000000000
 2: 0000000000
 3: 0000000000
 4: 0000000000
 5: 0000000000
 6: 0000000000
 7: 0000000000
 8: 0000000000
 9: 0000000000
10: 0000000000
11: 0000000000
12: 0000000000
13: 0000000000
14: 0000000000
15: 0000000000
16: 0000000000
17: 0000000000
18: 0000000000
19: 0000000000
20: 0000000000
21: 1000000000
22: 1440000000
23: 1440000000
24: 1730000601
25: 7730440661
placed piece: TetType.I = 1
next piece: TetType.O = 4
Placing tetronimo onto grid
----------------GRID-STATE------------------
 1: 0000000000
 2: 0000000000
 3: 0000000000
 4: 0000000000
 5: 0000000000
 6: 0000000000
 7: 0000000000
 8: 0000000000
 9: 0000000000
10: 0000000000
11: 0000000000
12: 0000000000
13: 0000000000
14: 0000000000
15: 0000000000
16: 0000000000
17: 0000000000
18: 0000000000
19: 0000000000
20: 0440000000
21: 1440000000
22: 1440000000
23: 1440000000
24: 1730000601
25: 7730440661
placed piece: TetType.O = 4
next piece: TetType.L = 3
Placing tetronimo onto grid
----------------GRID-STATE------------------
 1: 0000000000
 2: 0000000000
 3: 0000000000
 4: 0000000000
 5: 0000000000
 6: 0000000000
 7: 0000000000
 8: 0000000000
 9: 0000000000
10: 0000000000
11: 0000000000
12: 0000000000
13: 0000000000
14: 0000000000
15: 0000000000
16: 0000000000
17: 0000000000
18: 0000000000
19: 0000000000
20: 0440000000
21: 1440000000
22: 1440000000
23: 1440000000
24: 1733330601
25: 7733440661
placed piece: TetType.L = 3
next piece: TetType.L = 3
Placing tetronimo onto grid
----------------GRID-STATE------------------
 1: 0000000000
 2: 0000000000
 3: 0000000000
 4: 0000000000
 5: 0000000000
 6: 0000000000
 7: 0000000000
 8: 0000000000
 9: 0000000000
10: 0000000000
11: 0000000000
12: 0000000000
13: 0000000000
14: 0000000000
15: 0000000000
16: 0000000000
17: 0000000000
18: 0000000000
19: 0000000000
20: 0440000000
21: 1440000000
22: 1440000000
23: 1440033000
24: 1733333601
25: 7733443661
Cleared 1 lines
placed piece: TetType.L = 3
next piece: TetType.Z = 7
Placing tetronimo onto grid
----------------GRID-STATE------------------
 1: 0000000000
 2: 0000000000
 3: 0000000000
 4: 0000000000
 5: 0000000000
 6: 0000000000
 7: 0000000000
 8: 0000000000
 9: 0000000000
10: 0000000000
11: 0000000000
12: 0000000000
13: 0000000000
14: 0000000000
15: 0000000000
16: 0000000000
17: 0000000000
18: 0000000000
19: 0000000000
20: 0000000000
21: 0440000000
22: 1440000000
23: 1440000007
24: 1440033077
25: 1733333671
Cleared 1 lines
placed piece: TetType.Z = 7
next piece: TetType.I = 1
Placing tetronimo onto grid
----------------GRID-STATE------------------
 1: 0000000000
 2: 0000000000
 3: 0000000000
 4: 0000000000
 5: 0000000000
 6: 0000000000
 7: 0000000000
 8: 0000000000
 9: 0000000000
10: 0000000000
11: 0000000000
12: 0000000000
13: 0000000000
14: 0000000000
15: 0000000000
16: 0000000000
17: 0000000000
18: 0000000000
19: 0000000000
20: 0000000000
21: 0000000000
22: 0441000000
23: 1441000000
24: 1441000007
25: 1441033077
placed piece: TetType.I = 1
next piece: TetType.S = 6
Placing tetronimo onto grid
----------------GRID-STATE------------------
 1: 0000000000
 2: 0000000000
 3: 0000000000
 4: 0000000000
 5: 0000000000
 6: 0000000000
 7: 0000000000
 8: 0000000000
 9: 0000000000
10: 0000000000
11: 0000000000
12: 0000000000
13: 0000000000
14: 0000000000
15: 0000000000
16: 0000000000
17: 0000000000
18: 0000000000
19: 0000000000
20: 0000000000
21: 0000000000
22: 0441000000
23: 1441006000
24: 1441006607
25: 1441033677
placed piece: TetType.S = 6
next piece: TetType.L = 3
Placing tetronimo onto grid
----------------GRID-STATE------------------
 1: 0000000000
 2: 0000000000
 3: 0000000000
 4: 0000000000
 5: 0000000000
 6: 0000000000
 7: 0000000000
 8: 0000000000
 9: 0000000000
10: 0000000000
11: 0000000000
12: 0000000000
13: 0000000000
14: 0000000000
15: 0000000000
16: 0000000000
17: 0000000000
18: 0000000000
19: 0000000000
20: 0000000000
21: 3330000000
22: 3441000000
23: 1441006000
24: 1441006607
25: 1441033677
placed piece: TetType.L = 3
next piece: TetType.T = 5
Placing tetronimo onto grid
----------------GRID-STATE------------------
 1: 0000000000
 2: 0000000000
 3: 0000000000
 4: 0000000000
 5: 0000000000
 6: 0000000000
 7: 0000000000
 8: 0000000000
 9: 0000000000
10: 0000000000
11: 0000000000
12: 0000000000
13: 0000000000
14: 0000000000
15: 0000000000
16: 0000000000
17: 0000000000
18: 0000000000
19: 0000000000
20: 0000000000
21: 3330000000
22: 3441000000
23: 1441506000
24: 1441556607
25: 1441533677
Cleared 1 lines
placed piece: TetType.T = 5
next piece: TetType.J = 2
Placing tetronimo onto grid
----------------GRID-STATE------------------
 1: 0000000000
 2: 0000000000
 3: 0000000000
 4: 0000000000
 5: 0000000000
 6: 0000000000
 7: 0000000000
 8: 0000000000
 9: 0000000000
10: 0000000000
11: 0000000000
12: 0000000000
13: 0000000000
14: 0000000000
15: 0000000000
16: 0000000000
17: 0000000000
18: 0000000000
19: 0000000000
20: 0000000000
21: 0000000200
22: 3330000200
23: 3441002200
24: 1441506000
25: 1441556607
placed piece: TetType.J = 2
next piece: TetType.S = 6
Placing tetronimo onto grid
----------------GRID-STATE------------------
 1: 0000000000
 2: 0000000000
 3: 0000000000
 4: 0000000000
 5: 0000000000
 6: 0000000000
 7: 0000000000
 8: 0000000000
 9: 0000000000
10: 0000000000
11: 0000000000
12: 0000000000
13: 0000000000
14: 0000000000
15: 0000000000
16: 0000000000
17: 0000000000
18: 0000000000
19: 0000000000
20: 0000000000
21: 0000000200
22: 3330600200
23: 3441662200
24: 1441566000
25: 1441556607
placed piece: TetType.S = 6
next piece: TetType.S = 6
Placing tetronimo onto grid
----------------GRID-STATE------------------
 1: 0000000000
 2: 0000000000
 3: 0000000000
 4: 0000000000
 5: 0000000000
 6: 0000000000
 7: 0000000000
 8: 0000000000
 9: 0000000000
10: 0000000000
11: 0000000000
12: 0000000000
13: 0000000000
14: 0000000000
15: 0000000000
16: 0000000000
17: 0000000000
18: 0000000000
19: 0000000000
20: 0060000000
21: 0066000200
22: 3336600200
23: 3441662200
24: 1441566000
25: 1441556607
placed piece: TetType.S = 6
next piece: TetType.L = 3
Placing tetronimo onto grid
----------------GRID-STATE------------------
 1: 0000000000
 2: 0000000000
 3: 0000000000
 4: 0000000000
 5: 0000000000
 6: 0000000000
 7: 0000000000
 8: 0000000000
 9: 0000000000
10: 0000000000
11: 0000000000
12: 0000000000
13: 0000000000
14: 0000000000
15: 0000000000
16: 0000000000
17: 0000000000
18: 0000000000
19: 3000000000
20: 3060000000
21: 3366000200
22: 3336600200
23: 3441662200
24: 1441566000
25: 1441556607
placed piece: TetType.L = 3
next piece: TetType.Z = 7
Placing tetronimo onto grid
----------------GRID-STATE------------------
 1: 0000000000
 2: 0000000000
 3: 0000000000
 4: 0000000000
 5: 0000000000
 6: 0000000000
 7: 0000000000
 8: 0000000000
 9: 0000000000
10: 0000000000
11: 0000000000
12: 0000000000
13: 0000000000
14: 0000000000
15: 0000000000
16: 0000000000
17: 0000000000
18: 0000000000
19: 3000000000
20: 3060000000
21: 3366770200
22: 3336677200
23: 3441662200
24: 1441566000
25: 1441556607
placed piece: TetType.Z = 7
next piece: TetType.Z = 7
Placing tetronimo onto grid
----------------GRID-STATE------------------
 1: 0000000000
 2: 0000000000
 3: 0000000000
 4: 0000000000
 5: 0000000000
 6: 0000000000
 7: 0000000000
 8: 0000000000
 9: 0000000000
10: 0000000000
11: 0000000000
12: 0000000000
13: 0000000000
14: 0000000000
15: 0000000000
16: 0000000000
17: 0000000000
18: 0000000000
19: 3000000700
20: 3060007700
21: 3366777200
22: 3336677200
23: 3441662200
24: 1441566000
25: 1441556607
placed piece: TetType.Z = 7
next piece: TetType.I = 1
Placing tetronimo onto grid
----------------GRID-STATE------------------
 1: 0000000000
 2: 0000000000
 3: 0000000000
 4: 0000000000
 5: 0000000000
 6: 0000000000
 7: 0000000000
 8: 0000000000
 9: 0000000000
10: 0000000000
11: 0000000000
12: 0000000000
13: 0000000000
14: 0000000000
15: 0000000000
16: 0000000000
17: 0000000000
18: 0000000000
19: 3000000700
20: 3060007700
21: 3366777200
22: 3336677210
23: 3441662210
24: 1441566010
25: 1441556617
Cleared 1 lines
placed piece: TetType.I = 1
next piece: TetType.L = 3
Placing tetronimo onto grid
----------------GRID-STATE------------------
 1: 0000000000
 2: 0000000000
 3: 0000000000
 4: 0000000000
 5: 0000000000
 6: 0000000000
 7: 0000000000
 8: 0000000000
 9: 0000000000
10: 0000000000
11: 0000000000
12: 0000000000
13: 0000000000
14: 0000000000
15: 0000000000
16: 0000000000
17: 0000000000
18: 0000000000
19: 0000000000
20: 3000000700
21: 3060007700
22: 3366777233
23: 3336677213
24: 3441662213
25: 1441566010
Cleared 3 lines
placed piece: TetType.L = 3
next piece: TetType.J = 2
Placing tetronimo onto grid
----------------GRID-STATE------------------
 1: 0000000000
 2: 0000000000
 3: 0000000000
 4: 0000000000
 5: 0000000000
 6: 0000000000
 7: 0000000000
 8: 0000000000
 9: 0000000000
10: 0000000000
11: 0000000000
12: 0000000000
13: 0000000000
14: 0000000000
15: 0000000000
16: 0000000000
17: 0000000000
18: 0000000000
19: 0000000000
20: 0000000000
21: 0000000000
22: 0000000000
23: 3002000700
24: 3062227700
25: 1441566010
placed piece: TetType.J = 2
next piece: TetType.O = 4
Placing tetronimo onto grid
----------------GRID-STATE------------------
 1: 0000000000
 2: 0000000000
 3: 0000000000
 4: 0000000000
 5: 0000000000
 6: 0000000000
 7: 0000000000
 8: 0000000000
 9: 0000000000
10: 0000000000
11: 0000000000
12: 0000000000
13: 0000000000
14: 0000000000
15: 0000000000
16: 0000000000
17: 0000000000
18: 0000000000
19: 0000000000
20: 0000000000
21: 0000000000
22: 0000000000
23: 3002000744
24: 3062227744
25: 1441566010
placed piece: TetType.O = 4
next piece: TetType.L = 3
Placing tetronimo onto grid
----------------GRID-STATE------------------
 1: 0000000000
 2: 0000000000
 3: 0000000000
 4: 0000000000
 5: 0000000000
 6: 0000000000
 7: 0000000000
 8: 0000000000
 9: 0000000000
10: 0000000000
11: 0000000000
12: 0000000000
13: 0000000000
14: 0000000000
15: 0000000000
16: 0000000000
17: 0000000000
18: 0000000000
19: 0000000000
20: 0000000000
21: 0000000000
22: 3300000000
23: 3302000744
24: 3362227744
25: 1441566010
Cleared 1 lines
placed piece: TetType.L = 3
next piece: TetType.T = 5
Placing tetronimo onto grid
----------------GRID-STATE------------------
 1: 0000000000
 2: 0000000000
 3: 0000000000
 4: 0000000000
 5: 0000000000
 6: 0000000000
 7: 0000000000
 8: 0000000000
 9: 0000000000
10: 0000000000
11: 0000000000
12: 0000000000
13: 0000000000
14: 0000000000
15: 0000000000
16: 0000000000
17: 0000000000
18: 0000000000
19: 0000000000
20: 0000000000
21: 0000000000
22: 0000000000
23: 3300050000
24: 3302555744
25: 1441566010
placed piece: TetType.T = 5
next piece: TetType.J = 2
Placing tetronimo onto grid
----------------GRID-STATE------------------
 1: 0000000000
 2: 0000000000
 3: 0000000000
 4: 0000000000
 5: 0000000000
 6: 0000000000
 7: 0000000000
 8: 0000000000
 9: 0000000000
10: 0000000000
11: 0000000000
12: 0000000000
13: 0000000000
14: 0000000000
15: 0000000000
16: 0000000000
17: 0000000000
18: 0000000000
19: 0000000000
20: 0000000000
21: 0000000000
22: 0022000000
23: 3320050000
24: 3322555744
25: 1441566010
Cleared 1 lines
placed piece: TetType.J = 2
next piece: TetType.Z = 7
Placing tetronimo onto grid
----------------GRID-STATE------------------
 1: 0000000000
 2: 0000000000
 3: 0000000000
 4: 0000000000
 5: 0000000000
 6: 0000000000
 7: 0000000000
 8: 0000000000
 9: 0000000000
10: 0000000000
11: 0000000000
12: 0000000000
13: 0000000000
14: 0000000000
15: 0000000000
16: 0000000000
17: 0000000000
18: 0000000000
19: 0000000000
20: 0000000000
21: 0000000000
22: 0000070000
23: 0022770000
24: 3320750000
25: 1441566010
placed piece: TetType.Z = 7
next piece: TetType.L = 3
Placing tetronimo onto grid
----------------GRID-STATE------------------
 1: 0000000000
 2: 0000000000
 3: 0000000000
 4: 0000000000
 5: 0000000000
 6: 0000000000
 7: 0000000000
 8: 0000000000
 9: 0000000000
10: 0000000000
11: 0000000000
12: 0000000000
13: 0000000000
14: 0000000000
15: 0000000000
16: 0000000000
17: 0000000000
18: 0000000000
19: 0000000000
20: 0000000000
21: 0000000000
22: 0000070000
23: 0022770000
24: 3320750333
25: 1441566310
placed piece: TetType.L = 3
next piece: TetType.I = 1
Placing tetronimo onto grid
----------------GRID-STATE------------------
 1: 0000000000
 2: 0000000000
 3: 0000000000
 4: 0000000000
 5: 0000000000
 6: 0000000000
 7: 0000000000
 8: 0000000000
 9: 0000000000
10: 0000000000
11: 0000000000
12: 0000000000
13: 0000000000
14: 0000000000
15: 0000000000
16: 0000000000
17: 0000000000
18: 0000000000
19: 0000000000
20: 0000000000
21: 0000000000
22: 0000070000
23: 0022771111
24: 3320750333
25: 1441566310
placed piece: TetType.I = 1
next piece: TetType.O = 4
Placing tetronimo onto grid
----------------GRID-STATE------------------
 1: 0000000000
 2: 0000000000
 3: 0000000000
 4: 0000000000
 5: 0000000000
 6: 0000000000
 7: 0000000000
 8: 0000000000
 9: 0000000000
10: 0000000000
11: 0000000000
12: 0000000000
13: 0000000000
14: 0000000000
15: 0000000000
16: 0000000000
17: 0000000000
18: 0000000000
19: 0000000000
20: 0000000000
21: 0000000000
22: 4400070000
23: 4422771111
24: 3320750333
25: 1441566310
Cleared 1 lines
placed piece: TetType.O = 4
next piece: TetType.L = 3
Placing tetronimo onto grid
----------------GRID-STATE------------------
 1: 0000000000
 2: 0000000000
 3: 0000000000
 4: 0000000000
 5: 0000000000
 6: 0000000000
 7: 0000000000
 8: 0000000000
 9: 0000000000
10: 0000000000
11: 0000000000
12: 0000000000
13: 0000000000
14: 0000000000
15: 0000000000
16: 0000000000
17: 0000000000
18: 0000000000
19: 0000000000
20: 0000000000
21: 0000000000
22: 0000000000
23: 4400073330
24: 3320753333
25: 1441566310
placed piece: TetType.L = 3
next piece: TetType.S = 6
Placing tetronimo onto grid
----------------GRID-STATE------------------
 1: 0000000000
 2: 0000000000
 3: 0000000000
 4: 0000000000
 5: 0000000000
 6: 0000000000
 7: 0000000000
 8: 0000000000
 9: 0000000000
10: 0000000000
11: 0000000000
12: 0000000000
13: 0000000000
14: 0000000000
15: 0000000000
16: 0000000000
17: 0000000000
18: 0000000000
19: 0000000000
20: 0000000000
21: 0000000000
22: 0060000000
23: 4466073330
24: 3326753333
25: 1441566310
Cleared 1 lines
placed piece: TetType.S = 6
next piece: TetType.Z = 7
Placing tetronimo onto grid
----------------GRID-STATE------------------
 1: 0000000000
 2: 0000000000
 3: 0000000000
 4: 0000000000
 5: 0000000000
 6: 0000000000
 7: 0000000000
 8: 0000000000
 9: 0000000000
10: 0000000000
11: 0000000000
12: 0000000000
13: 0000000000
14: 0000000000
15: 0000000000
16: 0000000000
17: 0000000000
18: 0000000000
19: 0000000000
20: 0000000000
21: 0000000000
22: 0000070000
23: 0060770000
24: 4466773330
25: 1441566310
placed piece: TetType.Z = 7
next piece: TetType.S = 6
Placing tetronimo onto grid
----------------GRID-STATE------------------
 1: 0000000000
 2: 0000000000
 3: 0000000000
 4: 0000000000
 5: 0000000000
 6: 0000000000
 7: 0000000000
 8: 0000000000
 9: 0000000000
10: 0000000000
11: 0000000000
12: 0000000000
13: 0000000000
14: 0000000000
15: 0000000000
16: 0000000000
17: 0000000000
18: 0000000000
19: 0000000000
20: 0000000000
21: 0000000000
22: 0000070060
23: 0060770066
24: 4466773336
25: 1441566310
Cleared 1 lines
placed piece: TetType.S = 6
next piece: TetType.I = 1
Placing tetronimo onto grid
----------------GRID-STATE------------------
 1: 0000000000
 2: 0000000000
 3: 0000000000
 4: 0000000000
 5: 0000000000
 6: 0000000000
 7: 1000000000
 8: 1000000000
 9: 1000000000
10: 1000000000
11: 1000000000
12: 1000000000
13: 1000000000
14: 1000000000
15: 1000000000
16: 1000000000
17: 1000000000
18: 1000000000
19: 1000000000
20: 1000000000
21: 1000000000
22: 1000000000
23: 1000070060
24: 1060770066
25: 1441566310
placed piece: TetType.I = 1
next piece: TetType.S = 6
Placing tetronimo onto grid
----------------GRID-STATE------------------
 1: 0000000000
 2: 0000000000
 3: 0000000000
 4: 0000000000
 5: 0000000000
 6: 0000000000
 7: 1000000000
 8: 1000000000
 9: 1000000000
10: 1000000000
11: 1000000000
12: 1000000000
13: 1000000000
14: 1000000000
15: 1000000000
16: 1000000000
17: 1000000000
18: 1000000000
19: 1000000000
20: 1000000000
21: 1000000000
22: 1060000000
23: 1066070060
24: 1066770066
25: 1441566310
placed piece: TetType.S = 6
next piece: TetType.S = 6
Placing tetronimo onto grid
----------------GRID-STATE------------------
 1: 0000000000
 2: 0000000000
 3: 0000000000
 4: 0000000000
 5: 0000000000
 6: 0000000000
 7: 1006000000
 8: 1006000000
 9: 1006000000
10: 1006000000
11: 1006000000
12: 1006000000
13: 1006000000
14: 1006000000
15: 1006000000
16: 1006000000
17: 1006000000
18: 1006000000
19: 1006000000
20: 1006000000
21: 1006000000
22: 1066600000
23: 1066670060
24: 1066770066
25: 1441566310
placed piece: TetType.S = 6
next piece: TetType.L = 3
Placing tetronimo onto grid
----------------GRID-STATE------------------
 1: 0000000000
 2: 0000000000
 3: 0000000000
 4: 0000000000
 5: 0000000000
 6: 0000000000
 7: 1006000000
 8: 1006000000
 9: 1006000000
10: 1006000000
11: 1006000000
12: 1006000000
13: 1006000000
14: 1006000000
15: 1006000000
16: 1006000000
17: 1006000000
18: 1006000000
19: 1006000000
20: 1006000000
21: 1006000000
22: 1066633000
23: 1066673060
24: 1066773066
25: 1441566310
placed piece: TetType.L = 3
next piece: TetType.L = 3
Placing tetronimo onto grid
----------------GRID-STATE------------------
 1: 0000000000
 2: 0000000000
 3: 0000000000
 4: 0000000000
 5: 0000000000
 6: 0000000000
 7: 1006000000
 8: 1006000000
 9: 1006000000
10: 1006000000
11: 1006000000
12: 1006000000
13: 1006000000
14: 1006000000
15: 1006000000
16: 1006000000
17: 1006000000
18: 1006000000
19: 1006000000
20: 1006000000
21: 1006000000
22: 1066633333
23: 1066673360
24: 1066773066
25: 1441566310
placed piece: TetType.L = 3
next piece: TetType.I = 1
Placing tetronimo onto grid
----------------GRID-STATE------------------
 1: 0000000000
 2: 0000000000
 3: 0000000000
 4: 0000000000
 5: 0000000000
 6: 0000000000
 7: 1006111100
 8: 1006111100
 9: 1006111100
10: 1006111100
11: 1006111100
12: 1006111100
13: 1006111100
14: 1006111100
15: 1006111100
16: 1006111100
17: 1006111100
18: 1006111100
19: 1006111100
20: 1006111100
21: 1006111100
22: 1066633333
23: 1066673360
24: 1066773066
25: 1441566310
placed piece: TetType.I = 1
next piece: TetType.O = 4
Placing tetronimo onto grid
----------------GRID-STATE------------------
 1: 0000000000
 2: 0000000000
 3: 0000000000
 4: 0000000000
 5: 0000000000
 6: 0000000000
 7: 1006111144
 8: 1006111144
 9: 1006111144
10: 1006111144
11: 1006111144
12: 1006111144
13: 1006111144
14: 1006111144
15: 1006111144
16: 1006111144
17: 1006111144
18: 1006111144
19: 1006111144
20: 1006111144
21: 1006111144
22: 1066633333
23: 1066673360
24: 1066773066
25: 1441566310
placed piece: TetType.O = 4
next piece: TetType.J = 2
Placing tetronimo onto grid
----------------GRID-STATE------------------
 1: 0000000000
 2: 0000000000
 3: 0000000000
 4: 0000000000
 5: 0000000000
 6: 0000000000
 7: 1226111144
 8: 1226111144
 9: 1226111144
10: 1226111144
11: 1226111144
12: 1226111144
13: 1226111144
14: 1226111144
15: 1226111144
16: 1226111144
17: 1226111144
18: 1226111144
19: 1226111144
20: 1226111144
21: 1226111144
22: 1266633333
23: 1266673360
24: 1066773066
25: 1441566310
Cleared 2 lines
placed piece: TetType.J = 2
next piece: TetType.Z = 7
Placing tetronimo onto grid
----------------GRID-STATE------------------
 1: 0000000000
 2: 0000000000
 3: 0000000000
 4: 0000000000
 5: 0000000000
 6: 0000000000
 7: 0000000777
 8: 0000000777
 9: 0000000777
10: 0000000777
11: 0000000777
12: 0000000777
13: 0000000777
14: 0000000777
15: 0000000777
16: 0000000777
17: 0000000777
18: 0000000777
19: 0000000777
20: 0000000777
21: 0000000777
22: 0000000777
23: 1266673360
24: 1066773066
25: 1441566310
placed piece: TetType.Z = 7
next piece: TetType.I = 1
Placing tetronimo onto grid
----------------GRID-STATE------------------
 1: 0000000000
 2: 0000000000
 3: 0000000000
 4: 0000000000
 5: 0000000000
 6: 0000000000
 7: 1111000777
 8: 1111000777
 9: 1111000777
10: 1111000777
11: 1111000777
12: 1111000777
13: 1111000777
14: 1111000777
15: 1111000777
16: 1111000777
17: 1111000777
18: 1111000777
19: 1111000777
20: 1111000777
21: 1111000777
22: 1111000777
23: 1266673360
24: 1066773066
25: 1441566310
placed piece: TetType.I = 1
next piece: TetType.S = 6
Placing tetronimo onto grid
----------------GRID-STATE------------------
 1: 0000000000
 2: 0000000000
 3: 0000000000
 4: 0000000000
 5: 0000000000
 6: 0000000000
 7: 1111666777
 8: 1111666777
 9: 1111666777
10: 1111666777
11: 1111666777
12: 1111666777
13: 1111666777
14: 1111666777
15: 1111666777
16: 1111666777
17: 1111666777
18: 1111666777
19: 1111666777
20: 1111666777
21: 1111666777
22: 1111666777
23: 1266673360
24: 1066773066
25: 1441566310
Cleared 1 lines
placed piece: TetType.S = 6
next piece: TetType.I = 1
Placing tetronimo onto grid
----------------GRID-STATE------------------
 1: 0000000000
 2: 0000000000
 3: 0000000000
 4: 0000000000
 5: 0000000000
 6: 0000000000
 7: 1111000000
 8: 1111000000
 9: 1111000000
10: 1111000000
11: 1111000000
12: 1111000000
13: 1111000000
14: 1111000000
15: 1111000000
16: 1111000000
17: 1111000000
18: 1111000000
19: 1111000000
20: 1111000000
21: 1111000000
22: 1111000000
23: 1266673360
24: 1066773066
25: 1441566310
placed piece: TetType.I = 1
next piece: TetType.J = 2
Placing tetronimo onto grid
----------------GRID-STATE------------------
 1: 0000000000
 2: 0000000000
 3: 0000000000
 4: 0000000000
 5: 0000000000
 6: 0000000000
 7: 1111000222
 8: 1111000222
 9: 1111000222
10: 1111000222
11: 1111000222
12: 1111000222
13: 1111000222
14: 1111000222
15: 1111000222
16: 1111000222
17: 1111000222
18: 1111000222
19: 1111000222
20: 1111000222
21: 1111000222
22: 1111000222
23: 1266673360
24: 1066773066
25: 1441566310
placed piece: TetType.J = 2
next piece: TetType.J = 2
Placing tetronimo onto grid
----------------GRID-STATE------------------
 1: 0000000000
 2: 0000000000
 3: 0000000000
 4: 0000000000
 5: 0000000000
 6: 0000000000
 7: 1111222222
 8: 1111222222
 9: 1111222222
10: 1111222222
11: 1111222222
12: 1111222222
13: 1111222222
14: 1111222222
15: 1111222222
16: 1111222222
17: 1111222222
18: 1111222222
19: 1111222222
20: 1111222222
21: 1111222222
22: 1111222222
23: 1266673360
24: 1066773066
25: 1441566310
Cleared 1 lines
placed piece: TetType.J = 2
next piece: TetType.T = 5
Placing tetronimo onto grid
----------------GRID-STATE------------------
 1: 0000000000
 2: 0000000000
 3: 0000000000
 4: 0000000000
 5: 0000000000
 6: 0000000000
 7: 5550000000
 8: 5550000000
 9: 5550000000
10: 5550000000
11: 5550000000
12: 5550000000
13: 5550000000
14: 5550000000
15: 5550000000
16: 5550000000
17: 5550000000
18: 5550000000
19: 5550000000
20: 5550000000
21: 5550000000
22: 5550000000
23: 1266673360
24: 1066773066
25: 1441566310
placed piece: TetType.T = 5
next piece: TetType.J = 2
Placing tetronimo onto grid
----------------GRID-STATE------------------
 1: 0000000000
 2: 0000000000
 3: 0000000000
 4: 0000000000
 5: 0000000000
 6: 0000000000
 7: 5550000222
 8: 5550000222
 9: 5550000222
10: 5550000222
11: 5550000222
12: 5550000222
13: 5550000222
14: 5550000222
15: 5550000222
16: 5550000222
17: 5550000222
18: 5550000222
19: 5550000222
20: 5550000222
21: 5550000222
22: 5550000222
23: 1266673360
24: 1066773066
25: 1441566310
placed piece: TetType.J = 2
next piece: TetType.I = 1
Placing tetronimo onto grid
----------------GRID-STATE------------------
 1: 0000000000
 2: 0000000000
 3: 0000000000
 4: 0000000000
 5: 0000000000
 6: 0000000000
 7: 5551111222
 8: 5551111222
 9: 5551111222
10: 5551111222
11: 5551111222
12: 5551111222
13: 5551111222
14: 5551111222
15: 5551111222
16: 5551111222
17: 5551111222
18: 5551111222
19: 5551111222
20: 5551111222
21: 5551111222
22: 5551111222
23: 1266673360
24: 1066773066
25: 1441566310
Cleared 1 lines
placed piece: TetType.I = 1
next piece: TetType.I = 1
Placing tetronimo onto grid
----------------GRID-STATE------------------
 1: 0000000000
 2: 0000000000
 3: 0000000000
 4: 0000000000
 5: 0000000000
 6: 0000000000
 7: 1111000000
 8: 1111000000
 9: 1111000000
10: 1111000000
11: 1111000000
12: 1111000000
13: 1111000000
14: 1111000000
15: 1111000000
16: 1111000000
17: 1111000000
18: 1111000000
19: 1111000000
20: 1111000000
21: 1111000000
22: 1111000000
23: 1266673360
24: 1066773066
25: 1441566310
placed piece: TetType.I = 1
next piece: TetType.J = 2
Placing tetronimo onto grid
----------------GRID-STATE------------------
 1: 0000000000
 2: 0000000000
 3: 0000000000
 4: 0000000000
 5: 0000000000
 6: 0000000000
 7: 1111000222
 8: 1111000222
 9: 1111000222
10: 1111000222
11: 1111000222
12: 1111000222
13: 1111000222
14: 1111000222
15: 1111000222
16: 1111000222
17: 1111000222
18: 1111000222
19: 1111000222
20: 1111000222
21: 1111000222
22: 1111000222
23: 1266673360
24: 1066773066
25: 1441566310
placed piece: TetType.J = 2
next piece: TetType.T = 5
Placing tetronimo onto grid
----------------GRID-STATE------------------
 1: 0000000000
 2: 0000000000
 3: 0000000000
 4: 0000000000
 5: 0000000000
 6: 0000000000
 7: 1111555222
 8: 1111555222
 9: 1111555222
10: 1111555222
11: 1111555222
12: 1111555222
13: 1111555222
14: 1111555222
15: 1111555222
16: 1111555222
17: 1111555222
18: 1111555222
19: 1111555222
20: 1111555222
21: 1111555222
22: 1111555222
23: 1266673360
24: 1066773066
25: 1441566310
Cleared 1 lines
placed piece: TetType.T = 5
next piece: TetType.L = 3
Placing tetronimo onto grid
----------------GRID-STATE------------------
 1: 0000000000
 2: 0000000000
 3: 0000000000
 4: 0000000000
 5: 0000000000
 6: 0000000000
 7: 3330000000
 8: 3330000000
 9: 3330000000
10: 3330000000
11: 3330000000
12: 3330000000
13: 3330000000
14: 3330000000
15: 3330000000
16: 3330000000
17: 3330000000
18: 3330000000
19: 3330000000
20: 3330000000
21: 3330000000
22: 3330000000
23: 1266673360
24: 1066773066
25: 1441566310
placed piece: TetType.L = 3
next piece: TetType.J = 2
Placing tetronimo onto grid
----------------GRID-STATE------------------
 1: 0000000000
 2: 0000000000
 3: 0000000000
 4: 0000000000
 5: 0000000000
 6: 0000000000
 7: 3330000222
 8: 3330000222
 9: 3330000222
10: 3330000222
11: 3330000222
12: 3330000222
13: 3330000222
14: 3330000222
15: 3330000222
16: 3330000222
17: 3330000222
18: 3330000222
19: 3330000222
20: 3330000222
21: 3330000222
22: 3330000222
23: 1266673360
24: 1066773066
25: 1441566310
placed piece: TetType.J = 2
next piece: TetType.L = 3
Placing tetronimo onto grid
----------------GRID-STATE------------------
 1: 0000000000
 2: 0000000000
 3: 0000000000
 4: 0000000000
 5: 0000000000
 6: 0000000000
 7: 3333330222
 8: 3333330222
 9: 3333330222
10: 3333330222
11: 3333330222
12: 3333330222
13: 3333330222
14: 3333330222
15: 3333330222
16: 3333330222
17: 3333330222
18: 3333330222
19: 3333330222
20: 3333330222
21: 3333330222
22: 3333330222
23: 1266673360
24: 1066773066
25: 1441566310
placed piece: TetType.L = 3
next piece: TetType.S = 6
Placing tetronimo onto grid
----------------GRID-STATE------------------
 1: 0000000000
 2: 0000000000
 3: 0000000000
 4: 0000000000
 5: 0000060000
 6: 0000066000
 7: 3333336222
 8: 3333336222
 9: 3333336222
10: 3333336222
11: 3333336222
12: 3333336222
13: 3333336222
14: 3333336222
15: 3333336222
16: 3333336222
17: 3333336222
18: 3333336222
19: 3333336222
20: 3333336222
21: 3333336222
22: 3333336222
23: 1266673360
24: 1066773066
25: 1441566310
Cleared 1 lines
placed piece: TetType.S = 6
next piece: TetType.Z = 7
Game over!
---------------QUEUE-ITEMS------------------
TetType.Z, TetType.O, TetType.I, TetType.I, TetType.L, TetType.J, TetType.O, TetType.Z, TetType.I, TetType.I, 
